2022-01-25 09:25:07.352 [restartedMain] "  " ERROR o.s.b.diagnostics.LoggingFailureAnalysisReporter - 

***************************
APPLICATION FAILED TO START
***************************

Description:

Field authorizeVerifyResolver in io.github.talelin.autoconfigure.interceptor.AuthorizeInterceptor required a bean of type 'io.github.talelin.autoconfigure.interfaces.AuthorizeVerifyResolver' that could not be found.

The injection point has the following annotations:
	- @org.springframework.beans.factory.annotation.Autowired(required=true)


Action:

Consider defining a bean of type 'io.github.talelin.autoconfigure.interfaces.AuthorizeVerifyResolver' in your configuration.

2022-01-25 09:28:21.783 [restartedMain] "  " ERROR o.s.b.diagnostics.LoggingFailureAnalysisReporter - 

***************************
APPLICATION FAILED TO START
***************************

Description:

Field authorizeVerifyResolver in io.github.talelin.autoconfigure.interceptor.AuthorizeInterceptor required a bean of type 'io.github.talelin.autoconfigure.interfaces.AuthorizeVerifyResolver' that could not be found.

The injection point has the following annotations:
	- @org.springframework.beans.factory.annotation.Autowired(required=true)


Action:

Consider defining a bean of type 'io.github.talelin.autoconfigure.interfaces.AuthorizeVerifyResolver' in your configuration.

2022-01-25 09:32:31.180 [restartedMain] "  " ERROR o.s.b.diagnostics.LoggingFailureAnalysisReporter - 

***************************
APPLICATION FAILED TO START
***************************

Description:

Field authorizeVerifyResolver in io.github.talelin.autoconfigure.interceptor.AuthorizeInterceptor required a bean of type 'io.github.talelin.autoconfigure.interfaces.AuthorizeVerifyResolver' that could not be found.

The injection point has the following annotations:
	- @org.springframework.beans.factory.annotation.Autowired(required=true)


Action:

Consider defining a bean of type 'io.github.talelin.autoconfigure.interfaces.AuthorizeVerifyResolver' in your configuration.

2022-01-25 10:02:48.820 [restartedMain] "  " ERROR o.s.b.diagnostics.LoggingFailureAnalysisReporter - 

***************************
APPLICATION FAILED TO START
***************************

Description:

Field authorizeVerifyResolver in io.github.talelin.autoconfigure.interceptor.AuthorizeInterceptor required a bean of type 'io.github.talelin.autoconfigure.interfaces.AuthorizeVerifyResolver' that could not be found.

The injection point has the following annotations:
	- @org.springframework.beans.factory.annotation.Autowired(required=true)


Action:

Consider defining a bean of type 'io.github.talelin.autoconfigure.interfaces.AuthorizeVerifyResolver' in your configuration.

2022-01-25 10:04:13.791 [restartedMain] "  " ERROR o.s.b.diagnostics.LoggingFailureAnalysisReporter - 

***************************
APPLICATION FAILED TO START
***************************

Description:

Field authorizeVerifyResolver in io.github.talelin.autoconfigure.interceptor.AuthorizeInterceptor required a bean of type 'io.github.talelin.autoconfigure.interfaces.AuthorizeVerifyResolver' that could not be found.

The injection point has the following annotations:
	- @org.springframework.beans.factory.annotation.Autowired(required=true)


Action:

Consider defining a bean of type 'io.github.talelin.autoconfigure.interfaces.AuthorizeVerifyResolver' in your configuration.

2022-01-25 10:04:53.129 [restartedMain] "  " ERROR o.s.b.diagnostics.LoggingFailureAnalysisReporter - 

***************************
APPLICATION FAILED TO START
***************************

Description:

Field authorizeVerifyResolver in io.github.talelin.autoconfigure.interceptor.AuthorizeInterceptor required a bean of type 'io.github.talelin.autoconfigure.interfaces.AuthorizeVerifyResolver' that could not be found.

The injection point has the following annotations:
	- @org.springframework.beans.factory.annotation.Autowired(required=true)


Action:

Consider defining a bean of type 'io.github.talelin.autoconfigure.interfaces.AuthorizeVerifyResolver' in your configuration.

2022-01-25 10:05:45.738 [restartedMain] "  " ERROR o.s.b.diagnostics.LoggingFailureAnalysisReporter - 

***************************
APPLICATION FAILED TO START
***************************

Description:

Field authorizeVerifyResolver in io.github.talelin.autoconfigure.interceptor.AuthorizeInterceptor required a bean of type 'io.github.talelin.autoconfigure.interfaces.AuthorizeVerifyResolver' that could not be found.

The injection point has the following annotations:
	- @org.springframework.beans.factory.annotation.Autowired(required=true)


Action:

Consider defining a bean of type 'io.github.talelin.autoconfigure.interfaces.AuthorizeVerifyResolver' in your configuration.

2022-01-25 10:15:11.094 [restartedMain] "  " ERROR o.s.b.diagnostics.LoggingFailureAnalysisReporter - 

***************************
APPLICATION FAILED TO START
***************************

Description:

Field authorizeVerifyResolver in io.github.talelin.autoconfigure.interceptor.AuthorizeInterceptor required a bean of type 'io.github.talelin.autoconfigure.interfaces.AuthorizeVerifyResolver' that could not be found.

The injection point has the following annotations:
	- @org.springframework.beans.factory.annotation.Autowired(required=true)


Action:

Consider defining a bean of type 'io.github.talelin.autoconfigure.interfaces.AuthorizeVerifyResolver' in your configuration.

2022-01-25 14:42:36.957 [restartedMain] "  " ERROR o.s.b.diagnostics.LoggingFailureAnalysisReporter - 

***************************
APPLICATION FAILED TO START
***************************

Description:

Field authorizeVerifyResolver in io.github.talelin.autoconfigure.interceptor.AuthorizeInterceptor required a bean of type 'io.github.talelin.autoconfigure.interfaces.AuthorizeVerifyResolver' that could not be found.

The injection point has the following annotations:
	- @org.springframework.beans.factory.annotation.Autowired(required=true)


Action:

Consider defining a bean of type 'io.github.talelin.autoconfigure.interfaces.AuthorizeVerifyResolver' in your configuration.

2022-01-25 14:56:54.077 [restartedMain] "  " ERROR o.s.b.diagnostics.LoggingFailureAnalysisReporter - 

***************************
APPLICATION FAILED TO START
***************************

Description:

Field authorizeVerifyResolver in io.github.talelin.autoconfigure.interceptor.AuthorizeInterceptor required a bean of type 'io.github.talelin.autoconfigure.interfaces.AuthorizeVerifyResolver' that could not be found.

The injection point has the following annotations:
	- @org.springframework.beans.factory.annotation.Autowired(required=true)


Action:

Consider defining a bean of type 'io.github.talelin.autoconfigure.interfaces.AuthorizeVerifyResolver' in your configuration.

2022-01-25 15:04:03.421 [restartedMain] "  " ERROR o.s.b.diagnostics.LoggingFailureAnalysisReporter - 

***************************
APPLICATION FAILED TO START
***************************

Description:

Field authorizeVerifyResolver in io.github.talelin.autoconfigure.interceptor.AuthorizeInterceptor required a bean of type 'io.github.talelin.autoconfigure.interfaces.AuthorizeVerifyResolver' that could not be found.

The injection point has the following annotations:
	- @org.springframework.beans.factory.annotation.Autowired(required=true)


Action:

Consider defining a bean of type 'io.github.talelin.autoconfigure.interfaces.AuthorizeVerifyResolver' in your configuration.

2022-01-25 15:05:28.003 [restartedMain] "  " ERROR o.s.b.diagnostics.LoggingFailureAnalysisReporter - 

***************************
APPLICATION FAILED TO START
***************************

Description:

Field authorizeVerifyResolver in io.github.talelin.autoconfigure.interceptor.AuthorizeInterceptor required a bean of type 'io.github.talelin.autoconfigure.interfaces.AuthorizeVerifyResolver' that could not be found.

The injection point has the following annotations:
	- @org.springframework.beans.factory.annotation.Autowired(required=true)


Action:

Consider defining a bean of type 'io.github.talelin.autoconfigure.interfaces.AuthorizeVerifyResolver' in your configuration.

2022-01-25 15:25:24.976 [restartedMain] "  " ERROR o.s.b.diagnostics.LoggingFailureAnalysisReporter - 

***************************
APPLICATION FAILED TO START
***************************

Description:

Field authorizeVerifyResolver in io.github.talelin.autoconfigure.interceptor.AuthorizeInterceptor required a bean of type 'io.github.talelin.autoconfigure.interfaces.AuthorizeVerifyResolver' that could not be found.

The injection point has the following annotations:
	- @org.springframework.beans.factory.annotation.Autowired(required=true)


Action:

Consider defining a bean of type 'io.github.talelin.autoconfigure.interfaces.AuthorizeVerifyResolver' in your configuration.

2022-01-25 15:25:48.567 [restartedMain] "  " ERROR o.s.b.diagnostics.LoggingFailureAnalysisReporter - 

***************************
APPLICATION FAILED TO START
***************************

Description:

Field authorizeVerifyResolver in io.github.talelin.autoconfigure.interceptor.AuthorizeInterceptor required a bean of type 'io.github.talelin.autoconfigure.interfaces.AuthorizeVerifyResolver' that could not be found.

The injection point has the following annotations:
	- @org.springframework.beans.factory.annotation.Autowired(required=true)


Action:

Consider defining a bean of type 'io.github.talelin.autoconfigure.interfaces.AuthorizeVerifyResolver' in your configuration.

2022-01-25 15:26:02.560 [restartedMain] "  " ERROR o.s.b.diagnostics.LoggingFailureAnalysisReporter - 

***************************
APPLICATION FAILED TO START
***************************

Description:

Field authorizeVerifyResolver in io.github.talelin.autoconfigure.interceptor.AuthorizeInterceptor required a bean of type 'io.github.talelin.autoconfigure.interfaces.AuthorizeVerifyResolver' that could not be found.

The injection point has the following annotations:
	- @org.springframework.beans.factory.annotation.Autowired(required=true)


Action:

Consider defining a bean of type 'io.github.talelin.autoconfigure.interfaces.AuthorizeVerifyResolver' in your configuration.

2022-01-25 15:26:52.563 [restartedMain] "  " ERROR o.s.b.diagnostics.LoggingFailureAnalysisReporter - 

***************************
APPLICATION FAILED TO START
***************************

Description:

Field authorizeVerifyResolver in io.github.talelin.autoconfigure.interceptor.AuthorizeInterceptor required a bean of type 'io.github.talelin.autoconfigure.interfaces.AuthorizeVerifyResolver' that could not be found.

The injection point has the following annotations:
	- @org.springframework.beans.factory.annotation.Autowired(required=true)


Action:

Consider defining a bean of type 'io.github.talelin.autoconfigure.interfaces.AuthorizeVerifyResolver' in your configuration.

2022-01-25 15:27:43.718 [restartedMain] "  " ERROR o.s.b.diagnostics.LoggingFailureAnalysisReporter - 

***************************
APPLICATION FAILED TO START
***************************

Description:

Field authorizeVerifyResolver in io.github.talelin.autoconfigure.interceptor.AuthorizeInterceptor required a bean of type 'io.github.talelin.autoconfigure.interfaces.AuthorizeVerifyResolver' that could not be found.

The injection point has the following annotations:
	- @org.springframework.beans.factory.annotation.Autowired(required=true)


Action:

Consider defining a bean of type 'io.github.talelin.autoconfigure.interfaces.AuthorizeVerifyResolver' in your configuration.

2022-01-25 15:28:07.247 [restartedMain] "  " ERROR o.s.b.diagnostics.LoggingFailureAnalysisReporter - 

***************************
APPLICATION FAILED TO START
***************************

Description:

Field authorizeVerifyResolver in io.github.talelin.autoconfigure.interceptor.AuthorizeInterceptor required a bean of type 'io.github.talelin.autoconfigure.interfaces.AuthorizeVerifyResolver' that could not be found.

The injection point has the following annotations:
	- @org.springframework.beans.factory.annotation.Autowired(required=true)


Action:

Consider defining a bean of type 'io.github.talelin.autoconfigure.interfaces.AuthorizeVerifyResolver' in your configuration.

2022-01-25 15:30:25.161 [restartedMain] "  " ERROR o.s.b.diagnostics.LoggingFailureAnalysisReporter - 

***************************
APPLICATION FAILED TO START
***************************

Description:

Field authorizeVerifyResolver in io.github.talelin.autoconfigure.interceptor.AuthorizeInterceptor required a bean of type 'io.github.talelin.autoconfigure.interfaces.AuthorizeVerifyResolver' that could not be found.

The injection point has the following annotations:
	- @org.springframework.beans.factory.annotation.Autowired(required=true)


Action:

Consider defining a bean of type 'io.github.talelin.autoconfigure.interfaces.AuthorizeVerifyResolver' in your configuration.

2022-01-25 15:32:40.402 [restartedMain] "  " ERROR o.s.b.diagnostics.LoggingFailureAnalysisReporter - 

***************************
APPLICATION FAILED TO START
***************************

Description:

Field authorizeVerifyResolver in io.github.talelin.autoconfigure.interceptor.AuthorizeInterceptor required a bean of type 'io.github.talelin.autoconfigure.interfaces.AuthorizeVerifyResolver' that could not be found.

The injection point has the following annotations:
	- @org.springframework.beans.factory.annotation.Autowired(required=true)


Action:

Consider defining a bean of type 'io.github.talelin.autoconfigure.interfaces.AuthorizeVerifyResolver' in your configuration.

2022-01-25 15:39:48.551 [restartedMain] "  " ERROR o.s.b.diagnostics.LoggingFailureAnalysisReporter - 

***************************
APPLICATION FAILED TO START
***************************

Description:

Field authorizeVerifyResolver in io.github.talelin.autoconfigure.interceptor.AuthorizeInterceptor required a bean of type 'io.github.talelin.autoconfigure.interfaces.AuthorizeVerifyResolver' that could not be found.

The injection point has the following annotations:
	- @org.springframework.beans.factory.annotation.Autowired(required=true)


Action:

Consider defining a bean of type 'io.github.talelin.autoconfigure.interfaces.AuthorizeVerifyResolver' in your configuration.

2022-01-25 15:42:38.672 [restartedMain] "  " ERROR o.s.b.diagnostics.LoggingFailureAnalysisReporter - 

***************************
APPLICATION FAILED TO START
***************************

Description:

Field authorizeVerifyResolver in io.github.talelin.autoconfigure.interceptor.AuthorizeInterceptor required a bean of type 'io.github.talelin.autoconfigure.interfaces.AuthorizeVerifyResolver' that could not be found.

The injection point has the following annotations:
	- @org.springframework.beans.factory.annotation.Autowired(required=true)


Action:

Consider defining a bean of type 'io.github.talelin.autoconfigure.interfaces.AuthorizeVerifyResolver' in your configuration.

2022-01-25 15:42:57.943 [restartedMain] "  " ERROR o.s.b.diagnostics.LoggingFailureAnalysisReporter - 

***************************
APPLICATION FAILED TO START
***************************

Description:

Field authorizeVerifyResolver in io.github.talelin.autoconfigure.interceptor.AuthorizeInterceptor required a bean of type 'io.github.talelin.autoconfigure.interfaces.AuthorizeVerifyResolver' that could not be found.

The injection point has the following annotations:
	- @org.springframework.beans.factory.annotation.Autowired(required=true)


Action:

Consider defining a bean of type 'io.github.talelin.autoconfigure.interfaces.AuthorizeVerifyResolver' in your configuration.

2022-01-25 15:43:51.175 [restartedMain] "  " ERROR o.s.b.diagnostics.LoggingFailureAnalysisReporter - 

***************************
APPLICATION FAILED TO START
***************************

Description:

Field authorizeVerifyResolver in io.github.talelin.autoconfigure.interceptor.AuthorizeInterceptor required a bean of type 'io.github.talelin.autoconfigure.interfaces.AuthorizeVerifyResolver' that could not be found.

The injection point has the following annotations:
	- @org.springframework.beans.factory.annotation.Autowired(required=true)


Action:

Consider defining a bean of type 'io.github.talelin.autoconfigure.interfaces.AuthorizeVerifyResolver' in your configuration.

2022-01-25 16:34:21.985 [restartedMain] "  " ERROR o.s.b.diagnostics.LoggingFailureAnalysisReporter - 

***************************
APPLICATION FAILED TO START
***************************

Description:

Field authorizeVerifyResolver in io.github.talelin.autoconfigure.interceptor.AuthorizeInterceptor required a bean of type 'io.github.talelin.autoconfigure.interfaces.AuthorizeVerifyResolver' that could not be found.

The injection point has the following annotations:
	- @org.springframework.beans.factory.annotation.Autowired(required=true)


Action:

Consider defining a bean of type 'io.github.talelin.autoconfigure.interfaces.AuthorizeVerifyResolver' in your configuration.

